<?xml version="1.0" encoding="UTF-8"?>
<Site BuildName="(empty)"
	BuildStamp="20230920-1434-Experimental"
	Name="(empty)"
	Generator="ctest-3.22.1"
	CompilerName=""
	CompilerVersion=""
	OSName="Linux"
	Hostname="ProjektChmura"
	OSRelease="6.2.0-33-generic"
	OSVersion="#33~22.04.1-Ubuntu SMP PREEMPT_DYNAMIC Thu Sep  7 10:33:52 UTC 2"
	OSPlatform="x86_64"
	Is64Bits="1"
	VendorString="GenuineIntel"
	VendorID="Intel Corporation"
	FamilyID="6"
	ModelID="141"
	ProcessorCacheSize="24576"
	NumberOfLogicalCPU="6"
	NumberOfPhysicalCPU="6"
	TotalVirtualMemory="2047"
	TotalPhysicalMemory="11445"
	LogicalProcessorsPerPhysical="1"
	ProcessorClockFrequency="2304"
	>
	<Testing>
		<StartDateTime>Sep 20 22:25 CEST</StartDateTime>
		<StartTestTime>1695241527</StartTestTime>
		<TestList>
			<Test>./tests/Test1</Test>
		</TestList>
		<Test Status="passed">
			<Name>Test1</Name>
			<Path>./tests</Path>
			<FullName>./tests/Test1</FullName>
			<FullCommandLine>/home/seb/Desktop/projects/digital_simulation_project/build/tests/bufferTest "test1"</FullCommandLine>
			<Results>
				<NamedMeasurement type="numeric/double" name="Execution Time">
					<Value>0.00176182</Value>
				</NamedMeasurement>
				<NamedMeasurement type="numeric/double" name="Processors">
					<Value>1</Value>
				</NamedMeasurement>
				<NamedMeasurement type="text/string" name="Completion Status">
					<Value>Completed</Value>
				</NamedMeasurement>
				<NamedMeasurement type="text/string" name="Command Line">
					<Value>/home/seb/Desktop/projects/digital_simulation_project/build/tests/bufferTest "test1"</Value>
				</NamedMeasurement>
				<NamedMeasurement type="text/string" name="Environment">
					<Value>#CTEST_RESOURCE_GROUP_COUNT=</Value>
				</NamedMeasurement>
				<Measurement>
					<Value encoding="base64" compression="gzip">eJxFjrENgDAMBHumyAJYsbGdpIYVGAAJd1RJ2B+QMJSn19//XG3rFtZmdejW+ogcgbW8IAgU2ZMChNkhgZKDEND0dRiUvSMKEdNv44guECjJE7538rDYYd32cD5vLuAQKhk=</Value>
				</Measurement>
			</Results>
		</Test>
		<EndDateTime>Sep 20 22:25 CEST</EndDateTime>
		<EndTestTime>1695241527</EndTestTime>
		<ElapsedMinutes>0</ElapsedMinutes>
	</Testing>
</Site>
